This is pdfTeX, Version 3.14159265-2.6-1.40.20 (MiKTeX 2.9.7050 64-bit) (preloaded format=pdflatex 2019.7.10)  10 JUL 2019 22:59
entering extended mode
**./acronimos.tex
(acronimos.tex
LaTeX2e <2018-12-01>
! Undefined control sequence.
l.1 \chapter
            {Siglas}
The control sequence at the end of the top line
of your error message was never \def'ed. If you have
misspelled it (e.g., `\hobx'), type `I' and the correct
spelling (e.g., `I\hbox'). Otherwise just continue,
and I'll forget about whatever was undefined.


! LaTeX Error: Missing \begin{document}.

See the LaTeX manual or LaTeX Companion for explanation.
Type  H <return>  for immediate help.
 ...                                              
                                                  
l.1 \chapter{S
              iglas}
You're in trouble here.  Try typing  <return>  to proceed.
If that doesn't work, type  X <return>  to quit.

Missing character: There is no S in font nullfont!
Missing character: There is no i in font nullfont!
Missing character: There is no g in font nullfont!
Missing character: There is no l in font nullfont!
Missing character: There is no a in font nullfont!
Missing character: There is no s in font nullfont!

Overfull \hbox (20.0pt too wide) in paragraph at lines 1--2
[] 
 []


! LaTeX Error: Missing \begin{document}.

See the LaTeX manual or LaTeX Companion for explanation.
Type  H <return>  for immediate help.
 ...                                              
                                                  
l.3 \begin{itemize}
                   
You're in trouble here.  Try typing  <return>  to proceed.
If that doesn't work, type  X <return>  to quit.


Overfull \hbox (20.0pt too wide) in paragraph at lines 3--3
[] 
 []

LaTeX Font Info:    External font `cmex10' loaded for size
(Font)              <7> on input line 5.
LaTeX Font Info:    External font `cmex10' loaded for size
(Font)              <5> on input line 5.
Missing character: There is no C in font nullfont!
Missing character: There is no o in font nullfont!
Missing character: There is no n in font nullfont!
Missing character: There is no t in font nullfont!
Missing character: There is no a in font nullfont!
Missing character: There is no m in font nullfont!
Missing character: There is no i in font nullfont!
Missing character: There is no n in font nullfont!
Missing character: There is no a in font nullfont!
Missing character: There is no c in font nullfont!
Missing character: There is no i in font nullfont!
LaTeX Font Info:    Try loading font information for +cmr on input line 5.
LaTeX Font Info:    No file cmr.fd. on input line 5.

LaTeX Font Warning: Font shape `/cmr/m/n' undefined
(Font)              using `/cmr/m/n' instead on input line 5.

! Corrupted NFSS tables.
wrong@fontshape ...message {Corrupted NFSS tables}
                                                  error@fontshape else let f...
l.5 \item[$\cdot$] \textbf{CL} Contaminació
                                            n lumínica
This error message was generated by an \errmessage
command, so I can't give any explicit help.
Pretend that you're Hercule Poirot: Examine all clues,
and deduce the truth by order and method.


LaTeX Font Warning: Font shape `/cmr/m/n' undefined
(Font)              using `OT1/cmr/m/n' instead on input line 5.

Missing character: There is no n in font nullfont!
Missing character: There is no l in font nullfont!
Missing character: There is no u in font nullfont!
Missing character: There is no m in font nullfont!
Missing character: There is no n in font nullfont!
Missing character: There is no i in font nullfont!
Missing character: There is no c in font nullfont!
Missing character: There is no a in font nullfont!

Overfull \hbox (15.22214pt too wide) in paragraph at lines 5--6
\OT1/cmr/bx/n/10 CL
 []


Overfull \hbox (10.00003pt too wide) in paragraph at lines 5--6
\/cmr/m/n/10 o
 []


Overfull \hbox (2.77779pt too wide) in paragraph at lines 5--6
\/cmr/m/n/10  
 []


Overfull \hbox (25.9443pt too wide) in paragraph at lines 7--8
\OT1/cmr/bx/n/10 SQM
 []


Overfull \hbox (15.07767pt too wide) in paragraph at lines 7--8
\OT1/cmr/m/it/10 Sky
 []


Overfull \hbox (24.27763pt too wide) in paragraph at lines 7--8
\OT1/cmr/m/it/10 Qual-
 []


Overfull \hbox (11.24435pt too wide) in paragraph at lines 7--8
\OT1/cmr/m/it/10 ity
 []


Overfull \hbox (17.14432pt too wide) in paragraph at lines 7--8
\OT1/cmr/m/it/10 Me-
 []


Overfull \hbox (13.21515pt too wide) in paragraph at lines 7--8
\OT1/cmr/m/it/10 ter 
 []


Overfull \hbox (32.74982pt too wide) in paragraph at lines 9--10
\OT1/cmr/bx/n/10 VIIRS
 []


Overfull \hbox (18.16655pt too wide) in paragraph at lines 9--10
\OT1/cmr/m/it/10 Vis-
 []


Overfull \hbox (6.6444pt too wide) in paragraph at lines 9--10
\OT1/cmr/m/it/10 i-
 []


Overfull \hbox (11.75546pt too wide) in paragraph at lines 9--10
\OT1/cmr/m/it/10 ble
 []


Overfull \hbox (13.05547pt too wide) in paragraph at lines 9--10
\OT1/cmr/m/it/10 In-
 []


Overfull \hbox (24.78867pt too wide) in paragraph at lines 9--10
\OT1/cmr/m/it/10 frared
 []


Overfull \hbox (25.32205pt too wide) in paragraph at lines 9--10
\OT1/cmr/m/it/10 Imag-
 []


Overfull \hbox (13.2888pt too wide) in paragraph at lines 9--10
\OT1/cmr/m/it/10 ing
 []


Overfull \hbox (15.4721pt too wide) in paragraph at lines 9--10
\OT1/cmr/m/it/10 Ra-
 []


Overfull \hbox (29.64426pt too wide) in paragraph at lines 9--10
\OT1/cmr/m/it/10 diome-
 []


Overfull \hbox (12.13878pt too wide) in paragraph at lines 9--10
\OT1/cmr/m/it/10 ter
 []


Overfull \hbox (22.72902pt too wide) in paragraph at lines 9--10
\OT1/cmr/m/it/10 Suite 
 []

)
! Emergency stop.
<*> ./acronimos.tex
                   
*** (job aborted, no legal \end found)

 
Here is how much of TeX's memory you used:
 25 strings out of 492895
 309 string characters out of 3123735
 58474 words of memory out of 3000000
 4038 multiletter control sequences out of 15000+200000
 4294 words of font info for 16 fonts, out of 3000000 for 9000
 1141 hyphenation exceptions out of 8191
 22i,2n,16p,114b,139s stack positions out of 5000i,500n,10000p,200000b,50000s
!  ==> Fatal error occurred, no output PDF file produced!
