\BOOKMARK [0][-]{chapter*.2}{Agradecimientos}{}% 1
\BOOKMARK [0][-]{chapter*.3}{Abreviaturas}{}% 2
\BOOKMARK [0][-]{chapter*.4}{Resumen}{}% 3
\BOOKMARK [0][-]{chapter*.5}{Productos}{}% 4
\BOOKMARK [0][-]{section*.7}{\315ndice de figuras}{}% 5
\BOOKMARK [0][-]{section*.9}{\315ndice de tablas}{}% 6
\BOOKMARK [0][-]{chapter.1}{Introducci\363n}{}% 7
\BOOKMARK [1][-]{section.1.1}{Fundamentos te\363ricos de la luz}{chapter.1}% 8
\BOOKMARK [2][-]{subsection.1.1.1}{Radiaci\363n electromagn\351tica}{section.1.1}% 9
\BOOKMARK [2][-]{subsection.1.1.2}{Propiedades \363pticas}{section.1.1}% 10
\BOOKMARK [2][-]{subsection.1.1.3}{Unidades de medici\363n}{section.1.1}% 11
\BOOKMARK [1][-]{section.1.2}{Brillo del cielo nocturno}{chapter.1}% 12
\BOOKMARK [2][-]{subsection.1.2.1}{Componentes del brillo del cielo nocturno}{section.1.2}% 13
\BOOKMARK [2][-]{subsection.1.2.2}{Variaci\363n natural del brillo del cielo nocturno por influencia de la Luna}{section.1.2}% 14
\BOOKMARK [2][-]{subsection.1.2.3}{Variaci\363n natural del brillo artificial del cielo nocturno por influencia de las condiciones atmosf\351ricas}{section.1.2}% 15
\BOOKMARK [1][-]{section.1.3}{Luz artificial}{chapter.1}% 16
\BOOKMARK [2][-]{subsection.1.3.1}{Fundamentos te\363ricos de las fuentes artificiales de luz}{section.1.3}% 17
\BOOKMARK [2][-]{subsection.1.3.2}{Fuentes de luz artificial}{section.1.3}% 18
\BOOKMARK [2][-]{subsection.1.3.3}{Tipos de luminarias}{section.1.3}% 19
\BOOKMARK [2][-]{subsection.1.3.4}{Funci\363n de emisi\363n urbana}{section.1.3}% 20
\BOOKMARK [1][-]{section.1.4}{Contaminaci\363n lum\355nica \(CL\)}{chapter.1}% 21
\BOOKMARK [2][-]{subsection.1.4.1}{El enfoque socioecosist\351mico}{section.1.4}% 22
\BOOKMARK [2][-]{subsection.1.4.2}{Importancia del ciclo d\355a-noche en la evoluci\363n de la vida}{section.1.4}% 23
\BOOKMARK [2][-]{subsection.1.4.3}{Breve historia del uso y abuso de la luz artificial}{section.1.4}% 24
\BOOKMARK [2][-]{subsection.1.4.4}{Tipos de CL}{section.1.4}% 25
\BOOKMARK [2][-]{subsection.1.4.5}{Consecuencias de la CL}{section.1.4}% 26
\BOOKMARK [2][-]{subsection.1.4.6}{Estudio de la CL}{section.1.4}% 27
\BOOKMARK [2][-]{subsection.1.4.7}{Marco regulatorio: normas y leyes en M\351xico y el mundo}{section.1.4}% 28
\BOOKMARK [1][-]{section.1.5}{Estudio de caso: Ciudad de M\351xico}{chapter.1}% 29
\BOOKMARK [2][-]{subsection.1.5.1}{Descripci\363n del \341rea de estudio}{section.1.5}% 30
\BOOKMARK [2][-]{subsection.1.5.2}{Climatolog\355a de aerosol atmosf\351rico y nubosidad}{section.1.5}% 31
\BOOKMARK [2][-]{subsection.1.5.3}{Consumo de energ\355a el\351ctrica}{section.1.5}% 32
\BOOKMARK [2][-]{subsection.1.5.4}{Inventario de Alumbrado P\372blico de la Ciudad de M\351xico}{section.1.5}% 33
\BOOKMARK [1][-]{section.1.6}{Hip\363tesis}{chapter.1}% 34
\BOOKMARK [1][-]{section.1.7}{Objetivos}{chapter.1}% 35
\BOOKMARK [2][-]{subsection.1.7.1}{Generales}{section.1.7}% 36
\BOOKMARK [2][-]{subsection.1.7.2}{Particulares}{section.1.7}% 37
\BOOKMARK [0][-]{chapter.2}{Metodolog\355a}{}% 38
\BOOKMARK [1][-]{section.2.1}{El modelo SkyGlow}{chapter.2}% 39
\BOOKMARK [2][-]{subsection.2.1.1}{Datos de entrada}{section.2.1}% 40
\BOOKMARK [2][-]{subsection.2.1.2}{Bases te\363ricas del modelo}{section.2.1}% 41
\BOOKMARK [2][-]{subsection.2.1.3}{Visualizaci\363n de datos de salida}{section.2.1}% 42
\BOOKMARK [1][-]{section.2.2}{El software Radiance Light Trends}{chapter.2}% 43
\BOOKMARK [2][-]{subsection.2.2.1}{Especificaciones}{section.2.2}% 44
\BOOKMARK [2][-]{subsection.2.2.2}{Consideraciones}{section.2.2}% 45
\BOOKMARK [2][-]{subsection.2.2.3}{Productos}{section.2.2}% 46
\BOOKMARK [0][-]{chapter.3}{Resultados y discusi\363n}{}% 47
\BOOKMARK [1][-]{section.3.1}{Tendencias de radiancia promedio en las alcald\355as de la Ciudad de M\351xico}{chapter.3}% 48
\BOOKMARK [1][-]{section.3.2}{Gr\341ficas tipo all sky de distribuci\363n de radiancia}{chapter.3}% 49
\BOOKMARK [1][-]{section.3.3}{Experimentos num\351ricos}{chapter.3}% 50
\BOOKMARK [2][-]{subsection.3.3.1}{Influencia del aerosol atmosf\351rico en la distribuci\363n de radiancia}{section.3.3}% 51
\BOOKMARK [2][-]{subsection.3.3.2}{Influencia de la nubosidad en la distribuci\363n de radiancia}{section.3.3}% 52
\BOOKMARK [2][-]{subsection.3.3.3}{Cambio del tipo de luminarias en la Ciudad de M\351xico}{section.3.3}% 53
\BOOKMARK [1][-]{section.3.4}{Mapa CL-CDMX}{chapter.3}% 54
\BOOKMARK [0][-]{chapter.4}{Conclusiones}{}% 55
\BOOKMARK [0][-]{chapter.5}{Recomendaciones}{}% 56
\BOOKMARK [0][-]{chapter.6}{Anexos}{}% 57
\BOOKMARK [1][-]{section.6.1}{Proyecto de una red de monitoreo continuo de CL en la Ciudad de M\351xico}{chapter.6}% 58
\BOOKMARK [1][-]{section.6.2}{Proyecto International Dark Sky Place en el Geoparque Comarca Minera}{chapter.6}% 59
\BOOKMARK [1][-]{section.6.3}{C\363digo en Julia del Mapa CL-CDMX}{chapter.6}% 60
\BOOKMARK [1][-]{section.6.4}{Tendencias de radiancia en las alcald\355as de la Ciudad de M\351xico}{chapter.6}% 61
\BOOKMARK [0][-]{section*.11}{Referencias}{}% 62
