\BOOKMARK [0][-]{chapter*.2}{Agradecimientos}{}% 1
\BOOKMARK [0][-]{chapter*.3}{Siglas}{}% 2
\BOOKMARK [0][-]{chapter*.4}{Resumen}{}% 3
\BOOKMARK [0][-]{section*.6}{\315ndice de figuras}{}% 4
\BOOKMARK [0][-]{section*.8}{\315ndice de tablas}{}% 5
\BOOKMARK [0][-]{chapter.1}{Introducci\363n}{}% 6
\BOOKMARK [1][-]{section.1.1}{Importancia del ciclo d\355a-noche en la evoluci\363n y desarrollo de la vida}{chapter.1}% 7
\BOOKMARK [1][-]{section.1.2}{Contaminaci\363n lum\355nica: qu\351 es, tipos, or\355genes, consecuencias, contexto hist\363rico y \351tico}{chapter.1}% 8
\BOOKMARK [1][-]{section.1.3}{Brillo del cielo nocturno}{chapter.1}% 9
\BOOKMARK [2][-]{subsection.1.3.1}{Componentes del brillo del cielo nocturno}{section.1.3}% 10
\BOOKMARK [2][-]{subsection.1.3.2}{Variaci\363n natural del brillo del cielo nocturno por influencia de objetos astron\363micos}{section.1.3}% 11
\BOOKMARK [2][-]{subsection.1.3.3}{Variaci\363n natural del brillo del cielo nocturno por influencia de las condiciones atmosf\351ricas}{section.1.3}% 12
\BOOKMARK [1][-]{section.1.4}{Estudio de caso: Ciudad de M\351xico}{chapter.1}% 13
\BOOKMARK [2][-]{subsection.1.4.1}{Descripci\363n del \341rea de estudio}{section.1.4}% 14
\BOOKMARK [2][-]{subsection.1.4.2}{Climatolog\355a de nubes y aerosol atmosf\351rico en la Ciudad de M\351xico}{section.1.4}% 15
\BOOKMARK [0][-]{chapter.2}{Hip\363tesis y objetivos}{}% 16
\BOOKMARK [0][-]{chapter.3}{Metodolog\355a}{}% 17
\BOOKMARK [1][-]{section.3.1}{Medici\363n de la luz en la atm\363sfera nocturna}{chapter.3}% 18
\BOOKMARK [2][-]{subsection.3.1.1}{Unidades de medici\363n de la luz}{section.3.1}% 19
\BOOKMARK [2][-]{subsection.3.1.2}{M\351todos de medici\363n de la luz en la atm\363sfera nocturna}{section.3.1}% 20
\BOOKMARK [1][-]{section.3.2}{Escala de niveles de contaminaci\363n lum\355nica}{chapter.3}% 21
\BOOKMARK [2][-]{subsection.3.2.1}{Normas y leyes en M\351xico y el mundo}{section.3.2}% 22
\BOOKMARK [1][-]{section.3.3}{Alumbrado p\372blico}{chapter.3}% 23
\BOOKMARK [2][-]{subsection.3.3.1}{Caracter\355sticas f\355sicas de diferentes focos}{section.3.3}% 24
\BOOKMARK [2][-]{subsection.3.3.2}{Funci\363n de emisividad urbana}{section.3.3}% 25
\BOOKMARK [1][-]{section.3.4}{El modelo SkyGlow}{chapter.3}% 26
\BOOKMARK [0][-]{chapter.4}{Resultados y discusi\363n}{}% 27
\BOOKMARK [0][-]{chapter.5}{Conclusiones}{}% 28
\BOOKMARK [0][-]{section*.10}{Referencias}{}% 29
